C:\USERS\ADMINISTRATOR\DESKTOP\KOISHIEX\EXRABBIT\RELEASE\EXRABBIT.EXE.INTERMEDIATE.MANIFEST
C:\USERS\ADMINISTRATOR\DESKTOP\KOISHIEX\EXRABBIT\RELEASE\EXRABBIT.OBJ
C:\USERS\ADMINISTRATOR\DESKTOP\KOISHIEX\EXRABBIT\RELEASE\EXRABBIT.PCH
C:\USERS\ADMINISTRATOR\DESKTOP\KOISHIEX\EXRABBIT\RELEASE\EXRABBIT.RES
C:\USERS\ADMINISTRATOR\DESKTOP\KOISHIEX\EXRABBIT\RELEASE\EXRABBITDLG.OBJ
C:\USERS\ADMINISTRATOR\DESKTOP\KOISHIEX\EXRABBIT\RELEASE\STDAFX.OBJ
C:\USERS\ADMINISTRATOR\DESKTOP\KOISHIEX\EXRABBIT\RELEASE\VC100.PDB
C:\USERS\ADMINISTRATOR\DESKTOP\KOISHIEX\RELEASE\EXRABBIT.EXE
C:\USERS\ADMINISTRATOR\DESKTOP\KOISHIEX\RELEASE\EXRABBIT.PDB
E:\KoishiEx\ExRabbit\Release\cl.command.1.tlog
E:\KoishiEx\ExRabbit\Release\CL.read.1.tlog
E:\KoishiEx\ExRabbit\Release\CL.write.1.tlog
E:\KOISHIEX\EXRABBIT\RELEASE\DLGINSERT.OBJ
E:\KOISHIEX\EXRABBIT\RELEASE\DLGRENAME.OBJ
E:\KOISHIEX\EXRABBIT\RELEASE\DLGTRASFORM.OBJ
E:\KOISHIEX\EXRABBIT\RELEASE\EXRABBIT.EXE.INTERMEDIATE.MANIFEST
E:\KOISHIEX\EXRABBIT\RELEASE\EXRABBIT.OBJ
E:\KOISHIEX\EXRABBIT\RELEASE\EXRABBIT.PCH
E:\KOISHIEX\EXRABBIT\RELEASE\EXRABBIT.RES
E:\KoishiEx\ExRabbit\Release\ExRabbit.write.1.tlog
E:\KOISHIEX\EXRABBIT\RELEASE\EXRABBITDLG.OBJ
E:\KOISHIEX\EXRABBIT\RELEASE\FUNC.OBJ
E:\KoishiEx\ExRabbit\Release\link.command.1.tlog
E:\KoishiEx\ExRabbit\Release\link.read.1.tlog
E:\KoishiEx\ExRabbit\Release\link.write.1.tlog
E:\KoishiEx\ExRabbit\Release\link-cvtres.read.1.tlog
E:\KoishiEx\ExRabbit\Release\link-cvtres.write.1.tlog
E:\KoishiEx\ExRabbit\Release\mt.command.1.tlog
E:\KoishiEx\ExRabbit\Release\mt.read.1.tlog
E:\KoishiEx\ExRabbit\Release\mt.write.1.tlog
E:\KoishiEx\ExRabbit\Release\rc.command.1.tlog
E:\KoishiEx\ExRabbit\Release\rc.read.1.tlog
E:\KoishiEx\ExRabbit\Release\rc.write.1.tlog
E:\KOISHIEX\EXRABBIT\RELEASE\STDAFX.OBJ
E:\KOISHIEX\EXRABBIT\RELEASE\VC100.PDB
E:\KOISHIEX\RELEASE\EXRABBIT.EXE
E:\KOISHIEX\RELEASE\EXRABBIT.PDB
