生成启动时间为 2017/10/7 星期六 下午 1:42:29。
     1>项目“K:\KoishiEx\DemoEx\DemoEx\DemoEx.vcxproj”在节点 2 上(rebuild 个目标)。
     1>_PrepareForClean:
         正在删除文件“Release\DemoEx.lastbuildstate”。
       InitializeBuildStatus:
         正在创建“Release\DemoEx.unsuccessfulbuild”，因为已指定“AlwaysCreate”。
       ClCompile:
         D:\Microsoft Visual Studio 10.0\VC\bin\CL.exe /c /Zi /nologo /W3 /WX- /O2 /Oi /Oy- /GL /D WIN32 /D _WINDOWS /D NDEBUG /D _UNICODE /D UNICODE /Gm- /EHsc /MT /GS /Gy /fp:precise /Zc:wchar_t /Zc:forScope /Yc"StdAfx.h" /Fp"Release\DemoEx.pch" /Fo"Release\\" /Fd"Release\vc100.pdb" /Gd /TP /analyze- /errorReport:prompt stdafx.cpp
         stdafx.cpp
         D:\Microsoft Visual Studio 10.0\VC\bin\CL.exe /c /Zi /nologo /W3 /WX- /O2 /Oi /Oy- /GL /D WIN32 /D _WINDOWS /D NDEBUG /D _UNICODE /D UNICODE /Gm- /EHsc /MT /GS /Gy /fp:precise /Zc:wchar_t /Zc:forScope /Yu"StdAfx.h" /Fp"Release\DemoEx.pch" /Fo"Release\\" /Fd"Release\vc100.pdb" /Gd /TP /analyze- /errorReport:prompt DemoEx.cpp DemoExDlg.cpp GoodListCtrl.cpp renamedialog.cpp ScanDialog.cpp
         DemoEx.cpp
         DemoExDlg.cpp
     1>k:\koishiex\demoex\demoex\../../KoishiEx/Koishifactory.cpp(1189): warning C4101: “j”: 未引用的局部变量
     1>k:\koishiex\demoex\demoex\../../KoishiEx/Koishifactory.cpp(1212): warning C4101: “j”: 未引用的局部变量
     1>k:\koishiex\demoex\demoex\../../KoishiEx/Koishifactory.cpp(1771): warning C4101: “j”: 未引用的局部变量
     1>k:\koishiex\demoex\demoex\../../KoishiEx/Koishifactory.cpp(1794): warning C4101: “j”: 未引用的局部变量
     1>k:\koishiex\demoex\demoex\../../KoishiEx/Koishifactory.cpp(2341): warning C4101: “j”: 未引用的局部变量
     1>k:\koishiex\demoex\demoex\../../KoishiEx/Koishifactory.cpp(2364): warning C4101: “j”: 未引用的局部变量
         GoodListCtrl.cpp
         renamedialog.cpp
         ScanDialog.cpp
       ResourceCompile:
         C:\Program Files (x86)\Microsoft SDKs\Windows\v7.0A\bin\rc.exe /D NDEBUG /D _UNICODE /D UNICODE /l"0x0804" /IRelease\ /nologo /fo"Release\DemoEx.res" DemoEx.rc 
       Link:
         D:\Microsoft Visual Studio 10.0\VC\bin\link.exe /ERRORREPORT:PROMPT /OUT:"K:\KoishiEx\Release\DemoEx.exe" /INCREMENTAL:NO /NOLOGO /MANIFEST /ManifestFile:"Release\DemoEx.exe.intermediate.manifest" /MANIFESTUAC:"level='asInvoker' uiAccess='false'" /DEBUG /PDB:"K:\KoishiEx\Release\DemoEx.pdb" /SUBSYSTEM:WINDOWS /OPT:REF /OPT:ICF /LTCG /TLBID:1 /ENTRY:"wWinMainCRTStartup" /DYNAMICBASE /NXCOMPAT /IMPLIB:"K:\KoishiEx\Release\DemoEx.lib" /MACHINE:X86 Release\DemoEx.res
         Release\DemoEx.obj
         Release\DemoExDlg.obj
         Release\GoodListCtrl.obj
         Release\renamedialog.obj
         Release\ScanDialog.obj
         Release\stdafx.obj
         正在生成代码
         已完成代码的生成
         DemoEx.vcxproj -> K:\KoishiEx\Release\DemoEx.exe
       Manifest:
         C:\Program Files (x86)\Microsoft SDKs\Windows\v7.0A\bin\mt.exe /nologo /verbose /outputresource:"K:\KoishiEx\Release\DemoEx.exe;#1" /manifest Release\DemoEx.exe.intermediate.manifest "D:\Microsoft Visual Studio 10.0\VC\Include\Manifest\dpiaware.manifest"
       FinalizeBuildStatus:
         正在删除文件“Release\DemoEx.unsuccessfulbuild”。
         正在对“Release\DemoEx.lastbuildstate”执行 Touch 任务。
     1>已完成生成项目“K:\KoishiEx\DemoEx\DemoEx\DemoEx.vcxproj”(rebuild 个目标)的操作。

生成成功。

已用时间 00:00:10.48
