K:\KoishiEx\DemoEx\DemoEx\Release\cl.command.1.tlog
K:\KoishiEx\DemoEx\DemoEx\Release\CL.read.1.tlog
K:\KoishiEx\DemoEx\DemoEx\Release\CL.write.1.tlog
K:\KOISHIEX\DEMOEX\DEMOEX\RELEASE\DEMOEX.EXE.INTERMEDIATE.MANIFEST
K:\KOISHIEX\DEMOEX\DEMOEX\RELEASE\DEMOEX.OBJ
K:\KOISHIEX\DEMOEX\DEMOEX\RELEASE\DEMOEX.PCH
K:\KOISHIEX\DEMOEX\DEMOEX\RELEASE\DEMOEX.RES
K:\KoishiEx\DemoEx\DemoEx\Release\DemoEx.write.1.tlog
K:\KOISHIEX\DEMOEX\DEMOEX\RELEASE\DEMOEXDLG.OBJ
K:\KOISHIEX\DEMOEX\DEMOEX\RELEASE\GOODLISTCTRL.OBJ
K:\KoishiEx\DemoEx\DemoEx\Release\link.command.1.tlog
K:\KoishiEx\DemoEx\DemoEx\Release\link.read.1.tlog
K:\KoishiEx\DemoEx\DemoEx\Release\link.write.1.tlog
K:\KoishiEx\DemoEx\DemoEx\Release\link-cvtres.read.1.tlog
K:\KoishiEx\DemoEx\DemoEx\Release\link-cvtres.write.1.tlog
K:\KoishiEx\DemoEx\DemoEx\Release\mt.command.1.tlog
K:\KoishiEx\DemoEx\DemoEx\Release\mt.read.1.tlog
K:\KoishiEx\DemoEx\DemoEx\Release\mt.write.1.tlog
K:\KoishiEx\DemoEx\DemoEx\Release\rc.command.1.tlog
K:\KoishiEx\DemoEx\DemoEx\Release\rc.read.1.tlog
K:\KoishiEx\DemoEx\DemoEx\Release\rc.write.1.tlog
K:\KOISHIEX\DEMOEX\DEMOEX\RELEASE\RENAMEDIALOG.OBJ
K:\KOISHIEX\DEMOEX\DEMOEX\RELEASE\SCANDIALOG.OBJ
K:\KOISHIEX\DEMOEX\DEMOEX\RELEASE\STDAFX.OBJ
K:\KOISHIEX\DEMOEX\DEMOEX\RELEASE\VC100.PDB
K:\KOISHIEX\RELEASE\DEMOEX.EXE
K:\KOISHIEX\RELEASE\DEMOEX.PDB
