生成启动时间为 2017/10/24 星期二 下午 3:42:58。
     1>项目“E:\KoishiEx\KoishiEx\KoishiEx.vcxproj”在节点 2 上(build 个目标)。
     1>InitializeBuildStatus:
         正在对“Debug\KoishiEx.unsuccessfulbuild”执行 Touch 任务。
       ClCompile:
         所有输出均为最新。
         D:\Microsoft Visual Studio 10.0\VC\bin\CL.exe /c /ZI /nologo /W3 /WX- /Od /Oy- /D WIN32 /D _DEBUG /D _LIB /D _UNICODE /D UNICODE /Gm /EHsc /RTC1 /MDd /GS /fp:precise /Zc:wchar_t /Zc:forScope /Yu"StdAfx.h" /Fp"Debug\KoishiEx.pch" /Fo"Debug\\" /Fd"Debug\vc100.pdb" /Gd /TP /analyze- /errorReport:prompt DDS.cpp KoishiBase.cpp KoishiData.cpp KoishiFactory.cpp
         KoishiFactory.cpp
     1>e:\koishiex\koishiex\koishifactory.cpp(1516): warning C4101: “i”: 未引用的局部变量
         KoishiData.cpp
         KoishiBase.cpp
         DDS.cpp
         正在生成代码...
       ResourceCompile:
         所有输出均为最新。
       Lib:
         D:\Microsoft Visual Studio 10.0\VC\bin\Lib.exe /OUT:"E:\KoishiEx\Debug\KoishiEx.lib" /NOLOGO Debug\KoishiEx.res
         Debug\DDS.obj
         Debug\KoishiBase.obj
         Debug\KoishiData.obj
         Debug\KoishiFactory.obj
         Debug\sha256.obj
         Debug\stdafx.obj
     1>LINK : warning LNK4068: 未指定 /MACHINE；默认设置为 X86
         KoishiEx.vcxproj -> E:\KoishiEx\Debug\KoishiEx.lib
       FinalizeBuildStatus:
         正在删除文件“Debug\KoishiEx.unsuccessfulbuild”。
         正在对“Debug\KoishiEx.lastbuildstate”执行 Touch 任务。
     1>已完成生成项目“E:\KoishiEx\KoishiEx\KoishiEx.vcxproj”(build 个目标)的操作。

生成成功。

已用时间 00:00:02.47
