E:\KOISHIEX\DEBUG\EXRABBIT.EXE
E:\KOISHIEX\DEBUG\EXRABBIT.ILK
E:\KOISHIEX\DEBUG\EXRABBIT.PDB
E:\KoishiEx\ExRabbit\Debug\cl.command.1.tlog
E:\KoishiEx\ExRabbit\Debug\CL.read.1.tlog
E:\KoishiEx\ExRabbit\Debug\CL.write.1.tlog
E:\KOISHIEX\EXRABBIT\DEBUG\DIALOGNEW.OBJ
E:\KOISHIEX\EXRABBIT\DEBUG\DLGHSV.OBJ
E:\KOISHIEX\EXRABBIT\DEBUG\DLGINSERT.OBJ
E:\KOISHIEX\EXRABBIT\DEBUG\DLGINSERT2.OBJ
E:\KOISHIEX\EXRABBIT\DEBUG\DLGINSERT3.OBJ
E:\KOISHIEX\EXRABBIT\DEBUG\DLGINSERT4.OBJ
E:\KOISHIEX\EXRABBIT\DEBUG\DLGRENAME.OBJ
E:\KOISHIEX\EXRABBIT\DEBUG\DLGSETPARA.OBJ
E:\KOISHIEX\EXRABBIT\DEBUG\DLGTRASFORM.OBJ
E:\KOISHIEX\EXRABBIT\DEBUG\EXRABBIT.EXE.EMBED.MANIFEST
E:\KOISHIEX\EXRABBIT\DEBUG\EXRABBIT.EXE.EMBED.MANIFEST.RES
E:\KOISHIEX\EXRABBIT\DEBUG\EXRABBIT.EXE.INTERMEDIATE.MANIFEST
E:\KOISHIEX\EXRABBIT\DEBUG\EXRABBIT.OBJ
E:\KOISHIEX\EXRABBIT\DEBUG\EXRABBIT.PCH
E:\KOISHIEX\EXRABBIT\DEBUG\EXRABBIT.RES
E:\KoishiEx\ExRabbit\Debug\ExRabbit.write.1.tlog
E:\KoishiEx\ExRabbit\Debug\ExRabbit_manifest.rc
E:\KOISHIEX\EXRABBIT\DEBUG\EXRABBITDLG.OBJ
E:\KOISHIEX\EXRABBIT\DEBUG\FUNC.OBJ
E:\KoishiEx\ExRabbit\Debug\link.10276.read.1.tlog
E:\KoishiEx\ExRabbit\Debug\link.10276.write.1.tlog
E:\KoishiEx\ExRabbit\Debug\link.10276-cvtres.read.1.tlog
E:\KoishiEx\ExRabbit\Debug\link.10276-cvtres.write.1.tlog
E:\KoishiEx\ExRabbit\Debug\link.10428.read.1.tlog
E:\KoishiEx\ExRabbit\Debug\link.10428.write.1.tlog
E:\KoishiEx\ExRabbit\Debug\link.10428-cvtres.read.1.tlog
E:\KoishiEx\ExRabbit\Debug\link.10428-cvtres.write.1.tlog
E:\KoishiEx\ExRabbit\Debug\link.command.1.tlog
E:\KoishiEx\ExRabbit\Debug\link.read.1.tlog
E:\KoishiEx\ExRabbit\Debug\link.write.1.tlog
E:\KoishiEx\ExRabbit\Debug\mt.command.1.tlog
E:\KoishiEx\ExRabbit\Debug\mt.read.1.tlog
E:\KoishiEx\ExRabbit\Debug\mt.write.1.tlog
E:\KoishiEx\ExRabbit\Debug\rc.command.1.tlog
E:\KoishiEx\ExRabbit\Debug\rc.read.1.tlog
E:\KoishiEx\ExRabbit\Debug\rc.write.1.tlog
E:\KOISHIEX\EXRABBIT\DEBUG\STDAFX.OBJ
E:\KoishiEx\ExRabbit\Debug\vc100.idb
E:\KOISHIEX\EXRABBIT\DEBUG\VC100.PDB
