生成启动时间为 2017/10/7 星期六 下午 1:42:40。
     1>项目“K:\KoishiEx\DemoEx\DemoEx\DemoEx.vcxproj”在节点 2 上(rebuild 个目标)。
     1>_PrepareForClean:
         正在删除文件“Debug\DemoEx.lastbuildstate”。
       InitializeBuildStatus:
         正在创建“Debug\DemoEx.unsuccessfulbuild”，因为已指定“AlwaysCreate”。
       ClCompile:
         D:\Microsoft Visual Studio 10.0\VC\bin\CL.exe /c /ZI /nologo /W3 /WX- /Od /Oy- /D WIN32 /D _WINDOWS /D _DEBUG /D _UNICODE /D UNICODE /Gm /EHsc /RTC1 /MTd /GS /fp:precise /Zc:wchar_t /Zc:forScope /Yc"StdAfx.h" /Fp"Debug\DemoEx.pch" /Fo"Debug\\" /Fd"Debug\vc100.pdb" /Gd /TP /analyze- /errorReport:prompt stdafx.cpp
         stdafx.cpp
         D:\Microsoft Visual Studio 10.0\VC\bin\CL.exe /c /ZI /nologo /W3 /WX- /Od /Oy- /D WIN32 /D _WINDOWS /D _DEBUG /D _UNICODE /D UNICODE /Gm /EHsc /RTC1 /MTd /GS /fp:precise /Zc:wchar_t /Zc:forScope /Yu"StdAfx.h" /Fp"Debug\DemoEx.pch" /Fo"Debug\\" /Fd"Debug\vc100.pdb" /Gd /TP /analyze- /errorReport:prompt DemoEx.cpp DemoExDlg.cpp GoodListCtrl.cpp renamedialog.cpp ScanDialog.cpp
         ScanDialog.cpp
         renamedialog.cpp
         GoodListCtrl.cpp
         DemoExDlg.cpp
     1>k:\koishiex\koishiex\koishifactory.cpp(1189): warning C4101: “j”: 未引用的局部变量
     1>k:\koishiex\koishiex\koishifactory.cpp(1212): warning C4101: “j”: 未引用的局部变量
     1>k:\koishiex\koishiex\koishifactory.cpp(1771): warning C4101: “j”: 未引用的局部变量
     1>k:\koishiex\koishiex\koishifactory.cpp(1794): warning C4101: “j”: 未引用的局部变量
     1>k:\koishiex\koishiex\koishifactory.cpp(2341): warning C4101: “j”: 未引用的局部变量
     1>k:\koishiex\koishiex\koishifactory.cpp(2364): warning C4101: “j”: 未引用的局部变量
         DemoEx.cpp
         正在生成代码...
       ResourceCompile:
         C:\Program Files (x86)\Microsoft SDKs\Windows\v7.0A\bin\rc.exe /D _DEBUG /D _UNICODE /D UNICODE /l"0x0804" /IDebug\ /nologo /fo"Debug\DemoEx.res" DemoEx.rc 
       ManifestResourceCompile:
         C:\Program Files (x86)\Microsoft SDKs\Windows\v7.0A\bin\rc.exe /nologo /fo"Debug\DemoEx.exe.embed.manifest.res" Debug\DemoEx_manifest.rc 
       Link:
         D:\Microsoft Visual Studio 10.0\VC\bin\link.exe /ERRORREPORT:PROMPT /OUT:"K:\KoishiEx\Debug\DemoEx.exe" /INCREMENTAL /NOLOGO /NODEFAULTLIB:libcmt.lib /MANIFEST /ManifestFile:"Debug\DemoEx.exe.intermediate.manifest" /MANIFESTUAC:"level='asInvoker' uiAccess='false'" /DEBUG /PDB:"K:\KoishiEx\Debug\DemoEx.pdb" /SUBSYSTEM:WINDOWS /TLBID:1 /ENTRY:"wWinMainCRTStartup" /DYNAMICBASE /NXCOMPAT /IMPLIB:"K:\KoishiEx\Debug\DemoEx.lib" /MACHINE:X86 Debug\DemoEx.res
         Debug\DemoEx.exe.embed.manifest.res
         Debug\DemoEx.obj
         Debug\DemoExDlg.obj
         Debug\GoodListCtrl.obj
         Debug\renamedialog.obj
         Debug\ScanDialog.obj
         Debug\stdafx.obj
         libpng15.lib(pngget.obj) : 找到 MSIL .netmodule 或使用 /GL 编译的模块；正在使用 /LTCG 重新启动链接；将 /LTCG 添加到链接命令行以改进链接器性能
     1>LINK : warning LNK4075: 忽略“/INCREMENTAL”(由于“/LTCG”规范)
         正在生成代码
         已完成代码的生成
       Manifest:
         正在删除文件“Debug\DemoEx.exe.embed.manifest”。
         C:\Program Files (x86)\Microsoft SDKs\Windows\v7.0A\bin\mt.exe /nologo /verbose /out:"Debug\DemoEx.exe.embed.manifest" /manifest Debug\DemoEx.exe.intermediate.manifest "D:\Microsoft Visual Studio 10.0\VC\Include\Manifest\dpiaware.manifest"
         C:\Program Files (x86)\Microsoft SDKs\Windows\v7.0A\bin\rc.exe /nologo /fo"Debug\DemoEx.exe.embed.manifest.res" Debug\DemoEx_manifest.rc 
       LinkEmbedManifest:
         D:\Microsoft Visual Studio 10.0\VC\bin\link.exe /ERRORREPORT:PROMPT /OUT:"K:\KoishiEx\Debug\DemoEx.exe" /INCREMENTAL /NOLOGO /NODEFAULTLIB:libcmt.lib /MANIFEST /ManifestFile:"Debug\DemoEx.exe.intermediate.manifest" /MANIFESTUAC:"level='asInvoker' uiAccess='false'" /DEBUG /PDB:"K:\KoishiEx\Debug\DemoEx.pdb" /SUBSYSTEM:WINDOWS /TLBID:1 /ENTRY:"wWinMainCRTStartup" /DYNAMICBASE /NXCOMPAT /IMPLIB:"K:\KoishiEx\Debug\DemoEx.lib" /MACHINE:X86 Debug\DemoEx.res
         Debug\DemoEx.exe.embed.manifest.res
         Debug\DemoEx.obj
         Debug\DemoExDlg.obj
         Debug\GoodListCtrl.obj
         Debug\renamedialog.obj
         Debug\ScanDialog.obj
         Debug\stdafx.obj
         libpng15.lib(pngget.obj) : 找到 MSIL .netmodule 或使用 /GL 编译的模块；正在使用 /LTCG 重新启动链接；将 /LTCG 添加到链接命令行以改进链接器性能
     1>LINK : warning LNK4075: 忽略“/INCREMENTAL”(由于“/LTCG”规范)
         正在生成代码
         已完成代码的生成
         DemoEx.vcxproj -> K:\KoishiEx\Debug\DemoEx.exe
       FinalizeBuildStatus:
         正在删除文件“Debug\DemoEx.unsuccessfulbuild”。
         正在对“Debug\DemoEx.lastbuildstate”执行 Touch 任务。
     1>已完成生成项目“K:\KoishiEx\DemoEx\DemoEx\DemoEx.vcxproj”(rebuild 个目标)的操作。

生成成功。

已用时间 00:00:13.84
