K:\KOISHIEX\DEBUG\DEMOEX.EXE
K:\KOISHIEX\DEBUG\DEMOEX.ILK
K:\KOISHIEX\DEBUG\DEMOEX.PDB
K:\KoishiEx\DemoEx\DemoEx\Debug\cl.command.1.tlog
K:\KoishiEx\DemoEx\DemoEx\Debug\CL.read.1.tlog
K:\KoishiEx\DemoEx\DemoEx\Debug\CL.write.1.tlog
K:\KOISHIEX\DEMOEX\DEMOEX\DEBUG\DEMOEX.EXE.EMBED.MANIFEST
K:\KOISHIEX\DEMOEX\DEMOEX\DEBUG\DEMOEX.EXE.EMBED.MANIFEST.RES
K:\KOISHIEX\DEMOEX\DEMOEX\DEBUG\DEMOEX.EXE.INTERMEDIATE.MANIFEST
K:\KOISHIEX\DEMOEX\DEMOEX\DEBUG\DEMOEX.OBJ
K:\KOISHIEX\DEMOEX\DEMOEX\DEBUG\DEMOEX.PCH
K:\KOISHIEX\DEMOEX\DEMOEX\DEBUG\DEMOEX.RES
K:\KoishiEx\DemoEx\DemoEx\Debug\DemoEx.write.1.tlog
K:\KoishiEx\DemoEx\DemoEx\Debug\DemoEx_manifest.rc
K:\KOISHIEX\DEMOEX\DEMOEX\DEBUG\DEMOEXDLG.OBJ
K:\KOISHIEX\DEMOEX\DEMOEX\DEBUG\GOODLISTCTRL.OBJ
K:\KoishiEx\DemoEx\DemoEx\Debug\link.10236.read.1.tlog
K:\KoishiEx\DemoEx\DemoEx\Debug\link.10236.write.1.tlog
K:\KoishiEx\DemoEx\DemoEx\Debug\link.10236-cvtres.read.1.tlog
K:\KoishiEx\DemoEx\DemoEx\Debug\link.10236-cvtres.write.1.tlog
K:\KoishiEx\DemoEx\DemoEx\Debug\link.9152.read.1.tlog
K:\KoishiEx\DemoEx\DemoEx\Debug\link.9152.write.1.tlog
K:\KoishiEx\DemoEx\DemoEx\Debug\link.9152-cvtres.read.1.tlog
K:\KoishiEx\DemoEx\DemoEx\Debug\link.9152-cvtres.write.1.tlog
K:\KoishiEx\DemoEx\DemoEx\Debug\link.command.1.tlog
K:\KoishiEx\DemoEx\DemoEx\Debug\link.read.1.tlog
K:\KoishiEx\DemoEx\DemoEx\Debug\link.write.1.tlog
K:\KoishiEx\DemoEx\DemoEx\Debug\mt.command.1.tlog
K:\KoishiEx\DemoEx\DemoEx\Debug\mt.read.1.tlog
K:\KoishiEx\DemoEx\DemoEx\Debug\mt.write.1.tlog
K:\KoishiEx\DemoEx\DemoEx\Debug\rc.command.1.tlog
K:\KoishiEx\DemoEx\DemoEx\Debug\rc.read.1.tlog
K:\KoishiEx\DemoEx\DemoEx\Debug\rc.write.1.tlog
K:\KOISHIEX\DEMOEX\DEMOEX\DEBUG\RENAMEDIALOG.OBJ
K:\KOISHIEX\DEMOEX\DEMOEX\DEBUG\SCANDIALOG.OBJ
K:\KOISHIEX\DEMOEX\DEMOEX\DEBUG\STDAFX.OBJ
K:\KoishiEx\DemoEx\DemoEx\Debug\vc100.idb
K:\KOISHIEX\DEMOEX\DEMOEX\DEBUG\VC100.PDB
